<?xml version="1.0" encoding="UTF-8"?>
<testsuite xmlns:xsi="http://www.w3.org/2001/XMLSchema-instance" xsi:noNamespaceSchemaLocation="https://maven.apache.org/surefire/maven-surefire-plugin/xsd/surefire-test-report-3.0.xsd" version="3.0" name="br.edu.ifsul.bcc.lpoo.projetolpooe1_saimonrocha.TestePersistenciaJPA" time="3.328" tests="1" errors="0" skipped="0" failures="0">
  <properties>
[...]
</properties>
  <testcase name="testCadastrarPessoaEPet" classname="br.edu.ifsul.bcc.lpoo.projetolpooe1_saimonrocha.TestePersistenciaJPA" time="3.263">
    <system-out><![CDATA[Hibernate: alter table pet_servico drop constraint FK9dj5phfdqp9ckm5g9oqej1kg
Hibernate: alter table pet_servico drop constraint FKf9xajl2w4x8gdruohn82f91x9
Hibernate: alter table tb_pets drop constraint FKkrtsgjp11mh2tcoxnv0c1e5b4
Hibernate: drop table if exists pet_servico cascade
Hibernate: drop table if exists tb_pessoas cascade
Hibernate: drop table if exists tb_pets cascade
Hibernate: drop table if exists tb_servicos cascade
Hibernate: create table pet_servico (id  bigserial not null, id_pet int4, id_servico int4, primary key (id))
Hibernate: create table tb_pessoas (id_pessoa  serial not null, cpf varchar(11) not null, nome varchar(100) not null, primary key (id_pessoa))
Hibernate: create table tb_pets (idPet  serial not null, nome varchar(255), raca varchar(255), id_pessoa int4, primary key (idPet))
Hibernate: create table tb_servicos (id  serial not null, nome varchar(255), valor float8 not null, primary key (id))
Hibernate: alter table pet_servico add constraint FK9dj5phfdqp9ckm5g9oqej1kg foreign key (id_pet) references tb_pets
Hibernate: alter table pet_servico add constraint FKf9xajl2w4x8gdruohn82f91x9 foreign key (id_servico) references tb_servicos
Hibernate: alter table tb_pets add constraint FKkrtsgjp11mh2tcoxnv0c1e5b4 foreign key (id_pessoa) references tb_pessoas
Conexão estabelecida com o banco de dados via JPA...
Hibernate: insert into tb_pessoas (cpf, nome) values (?, ?)
Hibernate: select servico0_.id as id1_3_, servico0_.nome as nome2_3_, servico0_.valor as valor3_3_ from tb_servicos servico0_ where servico0_.nome=?
Hibernate: insert into tb_servicos (nome, valor) values (?, ?)
Hibernate: select servico0_.id as id1_3_, servico0_.nome as nome2_3_, servico0_.valor as valor3_3_ from tb_servicos servico0_ where servico0_.nome=?
Hibernate: insert into tb_servicos (nome, valor) values (?, ?)
Hibernate: insert into tb_pets (nome, id_pessoa, raca) values (?, ?, ?)
Hibernate: insert into pet_servico (id_pet, id_servico) values (?, ?)
Hibernate: insert into pet_servico (id_pet, id_servico) values (?, ?)
====== Ficha Pet ======
Mamae ou Papai: João da Silva
CPF: 12345678900
Filhote: Rex
Origem: Labrador
Descricao dos Servicos: [Serviço ID: 1, Nome: BANHO, Valor: R$ 80.0, Serviço ID: 2, Nome: TOSA, Valor: R$ 30.0]
Valor Total: R$ 110.0
]]></system-out>
    <system-err><![CDATA[ago. 14, 2024 10:54:16 AM org.hibernate.ejb.HibernatePersistence logDeprecation
WARN: HHH015016: Encountered a deprecated javax.persistence.spi.PersistenceProvider [org.hibernate.ejb.HibernatePersistence]; use [org.hibernate.jpa.HibernatePersistenceProvider] instead.
ago. 14, 2024 10:54:16 AM org.hibernate.ejb.HibernatePersistence logDeprecation
WARN: HHH015016: Encountered a deprecated javax.persistence.spi.PersistenceProvider [org.hibernate.ejb.HibernatePersistence]; use [org.hibernate.jpa.HibernatePersistenceProvider] instead.
ago. 14, 2024 10:54:17 AM org.hibernate.jpa.internal.util.LogHelper logPersistenceUnitInformation
INFO: HHH000204: Processing PersistenceUnitInfo [
	name: pu_pet
	...]
ago. 14, 2024 10:54:17 AM org.hibernate.Version logVersion
INFO: HHH000412: Hibernate Core {5.3.3.Final}
ago. 14, 2024 10:54:17 AM org.hibernate.cfg.Environment <clinit>
INFO: HHH000206: hibernate.properties not found
ago. 14, 2024 10:54:17 AM org.hibernate.annotations.common.reflection.java.JavaReflectionManager <clinit>
INFO: HCANN000001: Hibernate Commons Annotations {5.0.4.Final}
ago. 14, 2024 10:54:17 AM org.hibernate.engine.jdbc.connections.internal.DriverManagerConnectionProviderImpl configure
WARN: HHH10001002: Using Hibernate built-in connection pool (not for production use!)
ago. 14, 2024 10:54:17 AM org.hibernate.engine.jdbc.connections.internal.DriverManagerConnectionProviderImpl buildCreator
INFO: HHH10001005: using driver [org.postgresql.Driver] at URL [jdbc:postgresql://localhost:5432/db_pet]
ago. 14, 2024 10:54:17 AM org.hibernate.engine.jdbc.connections.internal.DriverManagerConnectionProviderImpl buildCreator
INFO: HHH10001001: Connection properties: {password=****, user=postgres}
ago. 14, 2024 10:54:17 AM org.hibernate.engine.jdbc.connections.internal.DriverManagerConnectionProviderImpl buildCreator
INFO: HHH10001003: Autocommit mode: false
ago. 14, 2024 10:54:17 AM org.hibernate.engine.jdbc.connections.internal.DriverManagerConnectionProviderImpl$PooledConnections <init>
INFO: HHH000115: Hibernate connection pool size: 20 (min=1)
ago. 14, 2024 10:54:18 AM org.hibernate.dialect.Dialect <init>
INFO: HHH000400: Using dialect: org.hibernate.dialect.PostgreSQLDialect
ago. 14, 2024 10:54:18 AM org.hibernate.engine.jdbc.env.internal.LobCreatorBuilderImpl useContextualLobCreation
INFO: HHH000424: Disabling contextual LOB creation as createClob() method threw error : java.lang.reflect.InvocationTargetException
ago. 14, 2024 10:54:18 AM org.hibernate.type.BasicTypeRegistry register
INFO: HHH000270: Type registration [java.util.UUID] overrides previous : org.hibernate.type.UUIDBinaryType@352c308
ago. 14, 2024 10:54:19 AM org.hibernate.resource.transaction.backend.jdbc.internal.DdlTransactionIsolatorNonJtaImpl getIsolatedConnection
INFO: HHH10001501: Connection obtained from JdbcConnectionAccess [org.hibernate.engine.jdbc.env.internal.JdbcEnvironmentInitiator$ConnectionProviderJdbcConnectionAccess@6dd1f638] for (non-JTA) DDL execution was not in auto-commit mode; the Connection 'local transaction' will be committed and the Connection will be set into auto-commit mode.
ago. 14, 2024 10:54:19 AM org.hibernate.resource.transaction.backend.jdbc.internal.DdlTransactionIsolatorNonJtaImpl getIsolatedConnection
INFO: HHH10001501: Connection obtained from JdbcConnectionAccess [org.hibernate.engine.jdbc.env.internal.JdbcEnvironmentInitiator$ConnectionProviderJdbcConnectionAccess@7c112f5f] for (non-JTA) DDL execution was not in auto-commit mode; the Connection 'local transaction' will be committed and the Connection will be set into auto-commit mode.
ago. 14, 2024 10:54:19 AM org.hibernate.tool.schema.internal.SchemaCreatorImpl applyImportSources
INFO: HHH000476: Executing import script 'org.hibernate.tool.schema.internal.exec.ScriptSourceInputNonExistentImpl@24386839'
ago. 14, 2024 10:54:19 AM org.hibernate.hql.internal.QueryTranslatorFactoryInitiator initiateService
INFO: HHH000397: Using ASTQueryTranslatorFactory
ago. 14, 2024 10:54:20 AM org.hibernate.engine.jdbc.connections.internal.DriverManagerConnectionProviderImpl stop
INFO: HHH10001008: Cleaning up connection pool [jdbc:postgresql://localhost:5432/db_pet]
]]></system-err>
  </testcase>
</testsuite>